app/build/outputs/logs/manifest-merger-debug-report.txt
-- Merging decision tree log ---
manifest
ADDED from src\main\AndroidManifest.xml:2:1-33:12
	package
		ADDED from src\main\AndroidManifest.xml:3:5-35
		INJECTED from src\main\AndroidManifest.xml
		INJECTED from src\main\AndroidManifest.xml
	android:versionName
		INJECTED from src\main\AndroidManifest.xml
		INJECTED from src\main\AndroidManifest.xml
	xmlns:android
		ADDED from src\main\AndroidManifest.xml:2:11-69
	android:versionCode
		INJECTED from src\main\AndroidManifest.xml
		INJECTED from src\main\AndroidManifest.xml
uses-permission#android.permission.READ_PHONE_STATE
ADDED from src\main\AndroidManifest.xml:5:2-71
	android:name
		ADDED from src\main\AndroidManifest.xml:5:19-69
uses-permission#android.permission.WRITE_EXTERNAL_STORAGE
ADDED from src\main\AndroidManifest.xml:6:2-77
	android:name
		ADDED from src\main\AndroidManifest.xml:6:19-75
uses-permission#android.permission.INTERNET
ADDED from src\main\AndroidManifest.xml:7:2-63
	android:name
		ADDED from src\main\AndroidManifest.xml:7:19-61
uses-permission#android.permission.ACCESS_COARSE_LOCATION
ADDED from src\main\AndroidManifest.xml:9:2-78
	android:name
		ADDED from src\main\AndroidManifest.xml:9:19-75
uses-permission#android.permission.ACCESS_FINE_LOCATION
ADDED from src\main\AndroidManifest.xml:10:2-76
	android:name
		ADDED from src\main\AndroidManifest.xml:10:19-73
application
ADDED from src\main\AndroidManifest.xml:12:5-31:19
MERGED from [com.android.support:support-v4:23.4.0] AndroidManifest.xml:22:5-20
	android:label
		ADDED from src\main\AndroidManifest.xml:15:9-41
	android:allowBackup
		ADDED from src\main\AndroidManifest.xml:13:9-35
	android:icon
		ADDED from src\main\AndroidManifest.xml:14:9-45
	android:theme
		ADDED from src\main\AndroidManifest.xml:16:9-40
activity#com.example.c_wather.MainActivity
ADDED from src\main\AndroidManifest.xml:17:9-25:20
	android:label
		ADDED from src\main\AndroidManifest.xml:19:13-45
	android:name
		ADDED from src\main\AndroidManifest.xml:18:13-61
intent-filter#android.intent.action.MAIN+android.intent.category.LAUNCHER
ADDED from src\main\AndroidManifest.xml:20:13-24:29
action#android.intent.action.MAIN
ADDED from src\main\AndroidManifest.xml:21:17-69
	android:name
		ADDED from src\main\AndroidManifest.xml:21:25-66
category#android.intent.category.LAUNCHER
ADDED from src\main\AndroidManifest.xml:23:17-77
	android:name
		ADDED from src\main\AndroidManifest.xml:23:27-74
activity#com.example.c_wather.LoginActivity
ADDED from src\main\AndroidManifest.xml:27:10-30:20
	android:label
		ADDED from src\main\AndroidManifest.xml:29:13-45
	android:name
		ADDED from src\main\AndroidManifest.xml:28:13-62
uses-sdk
INJECTED from src\main\AndroidManifest.xml reason: use-sdk injection requested
MERGED from [com.android.support:support-v4:23.4.0] AndroidManifest.xml:20:5-43
	android:targetSdkVersion
		INJECTED from src\main\AndroidManifest.xml
		INJECTED from src\main\AndroidManifest.xml
	android:minSdkVersion
		INJECTED from src\main\AndroidManifest.xml
		INJECTED from src\main\AndroidManifest.xml